This file contains any messages produced by compilers while
running configure, to aid debugging if configure makes a mistake.

It was created by openocd configure 0.8.0, which was
generated by GNU Autoconf 2.69.  Invocation command line was

  $ ./configure --enable-jlink

## --------- ##
## Platform. ##
## --------- ##

hostname = swapna-Latitude-E7440
uname -m = x86_64
uname -r = 3.13.0-35-generic
uname -s = Linux
uname -v = #62-Ubuntu SMP Fri Aug 15 01:58:42 UTC 2014

/usr/bin/uname -p = unknown
/bin/uname -X     = unknown

/bin/arch              = unknown
/usr/bin/arch -k       = unknown
/usr/convex/getsysinfo = unknown
/usr/bin/hostinfo      = unknown
/bin/machine           = unknown
/usr/bin/oslevel       = unknown
/bin/universe          = unknown

PATH: /home/swapna/work/sam-ba_cdc_cdc_linux/sam-ba_cdc_linux
PATH: /home/swapna/MentorGraphics/Sourcery_CodeBench_Lite_for_ARM_EABI/bin
PATH: /home/swapna/work/sam-ba_cdc_cdc_linux/sam-ba_cdc_linux
PATH: /home/swapna/CodeSourcery/Sourcery_CodeBench_Lite_for_ARM_GNU_Linux/bin
PATH: /home/swapna/CodeSourcery/Sourcery_CodeBench_Lite_for_ARM_EABI/bin
PATH: /home/swapna/work/sam-ba_cdc_cdc_linux/sam-ba_cdc_linux
PATH: /usr/local/sbin
PATH: /usr/local/bin
PATH: /usr/sbin
PATH: /usr/bin
PATH: /sbin
PATH: /bin
PATH: /usr/games
PATH: /usr/local/games


## ----------- ##
## Core tests. ##
## ----------- ##

configure:2624: checking for a BSD-compatible install
configure:2692: result: /usr/bin/install -c
configure:2703: checking whether build environment is sane
configure:2758: result: yes
configure:2909: checking for a thread-safe mkdir -p
configure:2948: result: /bin/mkdir -p
configure:2955: checking for gawk
configure:2985: result: no
configure:2955: checking for mawk
configure:2971: found /usr/bin/mawk
configure:2982: result: mawk
configure:2993: checking whether make sets $(MAKE)
configure:3015: result: yes
configure:3044: checking whether make supports nested variables
configure:3061: result: yes
configure:3204: checking for gcc
configure:3220: found /usr/bin/gcc
configure:3231: result: gcc
configure:3460: checking for C compiler version
configure:3469: gcc --version >&5
gcc (Ubuntu 4.8.2-19ubuntu1) 4.8.2
Copyright (C) 2013 Free Software Foundation, Inc.
This is free software; see the source for copying conditions.  There is NO
warranty; not even for MERCHANTABILITY or FITNESS FOR A PARTICULAR PURPOSE.

configure:3480: $? = 0
configure:3469: gcc -v >&5
Using built-in specs.
COLLECT_GCC=gcc
COLLECT_LTO_WRAPPER=/usr/lib/gcc/x86_64-linux-gnu/4.8/lto-wrapper
Target: x86_64-linux-gnu
Configured with: ../src/configure -v --with-pkgversion='Ubuntu 4.8.2-19ubuntu1' --with-bugurl=file:///usr/share/doc/gcc-4.8/README.Bugs --enable-languages=c,c++,java,go,d,fortran,objc,obj-c++ --prefix=/usr --program-suffix=-4.8 --enable-shared --enable-linker-build-id --libexecdir=/usr/lib --without-included-gettext --enable-threads=posix --with-gxx-include-dir=/usr/include/c++/4.8 --libdir=/usr/lib --enable-nls --with-sysroot=/ --enable-clocale=gnu --enable-libstdcxx-debug --enable-libstdcxx-time=yes --enable-gnu-unique-object --disable-libmudflap --enable-plugin --with-system-zlib --disable-browser-plugin --enable-java-awt=gtk --enable-gtk-cairo --with-java-home=/usr/lib/jvm/java-1.5.0-gcj-4.8-amd64/jre --enable-java-home --with-jvm-root-dir=/usr/lib/jvm/java-1.5.0-gcj-4.8-amd64 --with-jvm-jar-dir=/usr/lib/jvm-exports/java-1.5.0-gcj-4.8-amd64 --with-arch-directory=amd64 --with-ecj-jar=/usr/share/java/eclipse-ecj.jar --enable-objc-gc --enable-multiarch --disable-werror --with-arch-32=i686 --with-abi=m64 --with-multilib-list=m32,m64,mx32 --with-tune=generic --enable-checking=release --build=x86_64-linux-gnu --host=x86_64-linux-gnu --target=x86_64-linux-gnu
Thread model: posix
gcc version 4.8.2 (Ubuntu 4.8.2-19ubuntu1) 
configure:3480: $? = 0
configure:3469: gcc -V >&5
gcc: error: unrecognized command line option '-V'
gcc: fatal error: no input files
compilation terminated.
configure:3480: $? = 4
configure:3469: gcc -qversion >&5
gcc: error: unrecognized command line option '-qversion'
gcc: fatal error: no input files
compilation terminated.
configure:3480: $? = 4
configure:3500: checking whether the C compiler works
configure:3522: gcc    conftest.c  >&5
configure:3526: $? = 0
configure:3574: result: yes
configure:3577: checking for C compiler default output file name
configure:3579: result: a.out
configure:3585: checking for suffix of executables
configure:3592: gcc -o conftest    conftest.c  >&5
configure:3596: $? = 0
configure:3618: result: 
configure:3640: checking whether we are cross compiling
configure:3648: gcc -o conftest    conftest.c  >&5
configure:3652: $? = 0
configure:3659: ./conftest
configure:3663: $? = 0
configure:3678: result: no
configure:3683: checking for suffix of object files
configure:3705: gcc -c   conftest.c >&5
configure:3709: $? = 0
configure:3730: result: o
configure:3734: checking whether we are using the GNU C compiler
configure:3753: gcc -c   conftest.c >&5
configure:3753: $? = 0
configure:3762: result: yes
configure:3771: checking whether gcc accepts -g
configure:3791: gcc -c -g  conftest.c >&5
configure:3791: $? = 0
configure:3832: result: yes
configure:3849: checking for gcc option to accept ISO C89
configure:3912: gcc  -c -g -O2  conftest.c >&5
configure:3912: $? = 0
configure:3925: result: none needed
configure:3956: checking for style of include used by make
configure:3984: result: GNU
configure:4010: checking dependency style of gcc
configure:4121: result: gcc3
configure:4136: checking for gcc option to accept ISO C99
configure:4285: gcc  -c -g -O2  conftest.c >&5
conftest.c:61:29: error: expected ';', ',' or ')' before 'text'
 test_restrict (ccp restrict text)
                             ^
conftest.c: In function 'main':
conftest.c:115:18: error: expected '=', ',', ';', 'asm' or '__attribute__' before 'newvar'
   char *restrict newvar = "Another string";
                  ^
conftest.c:115:18: error: 'newvar' undeclared (first use in this function)
conftest.c:115:18: note: each undeclared identifier is reported only once for each function it appears in
conftest.c:125:3: error: 'for' loop initial declarations are only allowed in C99 mode
   for (int i = 0; i < ia->datasize; ++i)
   ^
conftest.c:125:3: note: use option -std=c99 or -std=gnu99 to compile your code
configure:4285: $? = 1
configure: failed program was:
| /* confdefs.h */
| #define PACKAGE_NAME "openocd"
| #define PACKAGE_TARNAME "openocd"
| #define PACKAGE_VERSION "0.8.0"
| #define PACKAGE_STRING "openocd 0.8.0"
| #define PACKAGE_BUGREPORT "OpenOCD Mailing List <openocd-devel@lists.sourceforge.net>"
| #define PACKAGE_URL ""
| #define PACKAGE "openocd"
| #define VERSION "0.8.0"
| /* end confdefs.h.  */
| #include <stdarg.h>
| #include <stdbool.h>
| #include <stdlib.h>
| #include <wchar.h>
| #include <stdio.h>
| 
| // Check varargs macros.  These examples are taken from C99 6.10.3.5.
| #define debug(...) fprintf (stderr, __VA_ARGS__)
| #define showlist(...) puts (#__VA_ARGS__)
| #define report(test,...) ((test) ? puts (#test) : printf (__VA_ARGS__))
| static void
| test_varargs_macros (void)
| {
|   int x = 1234;
|   int y = 5678;
|   debug ("Flag");
|   debug ("X = %d\n", x);
|   showlist (The first, second, and third items.);
|   report (x>y, "x is %d but y is %d", x, y);
| }
| 
| // Check long long types.
| #define BIG64 18446744073709551615ull
| #define BIG32 4294967295ul
| #define BIG_OK (BIG64 / BIG32 == 4294967297ull && BIG64 % BIG32 == 0)
| #if !BIG_OK
|   your preprocessor is broken;
| #endif
| #if BIG_OK
| #else
|   your preprocessor is broken;
| #endif
| static long long int bignum = -9223372036854775807LL;
| static unsigned long long int ubignum = BIG64;
| 
| struct incomplete_array
| {
|   int datasize;
|   double data[];
| };
| 
| struct named_init {
|   int number;
|   const wchar_t *name;
|   double average;
| };
| 
| typedef const char *ccp;
| 
| static inline int
| test_restrict (ccp restrict text)
| {
|   // See if C++-style comments work.
|   // Iterate through items via the restricted pointer.
|   // Also check for declarations in for loops.
|   for (unsigned int i = 0; *(text+i) != '\0'; ++i)
|     continue;
|   return 0;
| }
| 
| // Check varargs and va_copy.
| static void
| test_varargs (const char *format, ...)
| {
|   va_list args;
|   va_start (args, format);
|   va_list args_copy;
|   va_copy (args_copy, args);
| 
|   const char *str;
|   int number;
|   float fnumber;
| 
|   while (*format)
|     {
|       switch (*format++)
| 	{
| 	case 's': // string
| 	  str = va_arg (args_copy, const char *);
| 	  break;
| 	case 'd': // int
| 	  number = va_arg (args_copy, int);
| 	  break;
| 	case 'f': // float
| 	  fnumber = va_arg (args_copy, double);
| 	  break;
| 	default:
| 	  break;
| 	}
|     }
|   va_end (args_copy);
|   va_end (args);
| }
| 
| int
| main ()
| {
| 
|   // Check bool.
|   _Bool success = false;
| 
|   // Check restrict.
|   if (test_restrict ("String literal") == 0)
|     success = true;
|   char *restrict newvar = "Another string";
| 
|   // Check varargs.
|   test_varargs ("s, d' f .", "string", 65, 34.234);
|   test_varargs_macros ();
| 
|   // Check flexible array members.
|   struct incomplete_array *ia =
|     malloc (sizeof (struct incomplete_array) + (sizeof (double) * 10));
|   ia->datasize = 10;
|   for (int i = 0; i < ia->datasize; ++i)
|     ia->data[i] = i * 1.234;
| 
|   // Check named initializers.
|   struct named_init ni = {
|     .number = 34,
|     .name = L"Test wide string",
|     .average = 543.34343,
|   };
| 
|   ni.number = 58;
| 
|   int dynamic_array[ni.number];
|   dynamic_array[ni.number - 1] = 543;
| 
|   // work around unused variable warnings
|   return (!success || bignum == 0LL || ubignum == 0uLL || newvar[0] == 'x'
| 	  || dynamic_array[ni.number - 1] != 543);
| 
|   ;
|   return 0;
| }
configure:4285: gcc -std=gnu99 -c -g -O2  conftest.c >&5
configure:4285: $? = 0
configure:4305: result: -std=gnu99
configure:4314: checking whether gcc -std=gnu99 and cc understand -c and -o together
configure:4345: gcc -std=gnu99 -c conftest.c -o conftest2.o >&5
configure:4349: $? = 0
configure:4355: gcc -std=gnu99 -c conftest.c -o conftest2.o >&5
configure:4359: $? = 0
configure:4370: cc -c conftest.c >&5
configure:4374: $? = 0
configure:4382: cc -c conftest.c -o conftest2.o >&5
configure:4386: $? = 0
configure:4392: cc -c conftest.c -o conftest2.o >&5
configure:4396: $? = 0
configure:4414: result: yes
configure:4482: checking for ranlib
configure:4498: found /usr/bin/ranlib
configure:4509: result: ranlib
configure:4585: checking for pkg-config
configure:4603: found /usr/bin/pkg-config
configure:4615: result: /usr/bin/pkg-config
configure:4640: checking pkg-config is at least version 0.23
configure:4643: result: yes
configure:4715: checking build system type
configure:4729: result: x86_64-unknown-linux-gnu
configure:4749: checking host system type
configure:4762: result: x86_64-unknown-linux-gnu
configure:4803: checking how to print strings
configure:4830: result: printf
configure:4851: checking for a sed that does not truncate output
configure:4915: result: /bin/sed
configure:4933: checking for grep that handles long lines and -e
configure:4991: result: /bin/grep
configure:4996: checking for egrep
configure:5058: result: /bin/grep -E
configure:5063: checking for fgrep
configure:5125: result: /bin/grep -F
configure:5160: checking for ld used by gcc -std=gnu99
configure:5227: result: /usr/bin/ld
configure:5234: checking if the linker (/usr/bin/ld) is GNU ld
configure:5249: result: yes
configure:5261: checking for BSD- or MS-compatible name lister (nm)
configure:5310: result: /usr/bin/nm -B
configure:5440: checking the name lister (/usr/bin/nm -B) interface
configure:5447: gcc -std=gnu99 -c -g -O2  conftest.c >&5
configure:5450: /usr/bin/nm -B "conftest.o"
configure:5453: output
0000000000000000 B some_variable
configure:5460: result: BSD nm
configure:5463: checking whether ln -s works
configure:5467: result: yes
configure:5475: checking the maximum length of command line arguments
configure:5600: result: 1572864
configure:5617: checking whether the shell understands some XSI constructs
configure:5627: result: yes
configure:5631: checking whether the shell understands "+="
configure:5637: result: yes
configure:5672: checking how to convert x86_64-unknown-linux-gnu file names to x86_64-unknown-linux-gnu format
configure:5712: result: func_convert_file_noop
configure:5719: checking how to convert x86_64-unknown-linux-gnu file names to toolchain format
configure:5739: result: func_convert_file_noop
configure:5746: checking for /usr/bin/ld option to reload object files
configure:5753: result: -r
configure:5827: checking for objdump
configure:5843: found /usr/bin/objdump
configure:5854: result: objdump
configure:5886: checking how to recognize dependent libraries
configure:6088: result: pass_all
configure:6173: checking for dlltool
configure:6203: result: no
configure:6233: checking how to associate runtime and link libraries
configure:6260: result: printf %s\n
configure:6321: checking for ar
configure:6337: found /usr/bin/ar
configure:6348: result: ar
configure:6385: checking for archiver @FILE support
configure:6402: gcc -std=gnu99 -c -g -O2  conftest.c >&5
configure:6402: $? = 0
configure:6405: ar cru libconftest.a @conftest.lst >&5
configure:6408: $? = 0
configure:6413: ar cru libconftest.a @conftest.lst >&5
ar: conftest.o: No such file or directory
configure:6416: $? = 1
configure:6428: result: @
configure:6486: checking for strip
configure:6502: found /usr/bin/strip
configure:6513: result: strip
configure:6585: checking for ranlib
configure:6612: result: ranlib
configure:6714: checking command to parse /usr/bin/nm -B output from gcc -std=gnu99 object
configure:6833: gcc -std=gnu99 -c -g -O2  conftest.c >&5
configure:6836: $? = 0
configure:6840: /usr/bin/nm -B conftest.o \| sed -n -e 's/^.*[ ]\([ABCDGIRSTW][ABCDGIRSTW]*\)[ ][ ]*\([_A-Za-z][_A-Za-z0-9]*\)$/\1 \2 \2/p' | sed '/ __gnu_lto/d' \> conftest.nm
configure:6843: $? = 0
configure:6909: gcc -std=gnu99 -o conftest -g -O2   conftest.c conftstm.o >&5
configure:6912: $? = 0
configure:6950: result: ok
configure:6987: checking for sysroot
configure:7017: result: no
configure:7094: gcc -std=gnu99 -c -g -O2  conftest.c >&5
configure:7097: $? = 0
configure:7260: checking for mt
configure:7276: found /bin/mt
configure:7287: result: mt
configure:7310: checking if mt is a manifest tool
configure:7316: mt '-?'
configure:7324: result: no
configure:7956: checking how to run the C preprocessor
configure:7987: gcc -std=gnu99 -E  conftest.c
configure:7987: $? = 0
configure:8001: gcc -std=gnu99 -E  conftest.c
conftest.c:11:28: fatal error: ac_nonexistent.h: No such file or directory
 #include <ac_nonexistent.h>
                            ^
compilation terminated.
configure:8001: $? = 1
configure: failed program was:
| /* confdefs.h */
| #define PACKAGE_NAME "openocd"
| #define PACKAGE_TARNAME "openocd"
| #define PACKAGE_VERSION "0.8.0"
| #define PACKAGE_STRING "openocd 0.8.0"
| #define PACKAGE_BUGREPORT "OpenOCD Mailing List <openocd-devel@lists.sourceforge.net>"
| #define PACKAGE_URL ""
| #define PACKAGE "openocd"
| #define VERSION "0.8.0"
| /* end confdefs.h.  */
| #include <ac_nonexistent.h>
configure:8026: result: gcc -std=gnu99 -E
configure:8046: gcc -std=gnu99 -E  conftest.c
configure:8046: $? = 0
configure:8060: gcc -std=gnu99 -E  conftest.c
conftest.c:11:28: fatal error: ac_nonexistent.h: No such file or directory
 #include <ac_nonexistent.h>
                            ^
compilation terminated.
configure:8060: $? = 1
configure: failed program was:
| /* confdefs.h */
| #define PACKAGE_NAME "openocd"
| #define PACKAGE_TARNAME "openocd"
| #define PACKAGE_VERSION "0.8.0"
| #define PACKAGE_STRING "openocd 0.8.0"
| #define PACKAGE_BUGREPORT "OpenOCD Mailing List <openocd-devel@lists.sourceforge.net>"
| #define PACKAGE_URL ""
| #define PACKAGE "openocd"
| #define VERSION "0.8.0"
| /* end confdefs.h.  */
| #include <ac_nonexistent.h>
configure:8089: checking for ANSI C header files
configure:8109: gcc -std=gnu99 -c -g -O2  conftest.c >&5
configure:8109: $? = 0
configure:8182: gcc -std=gnu99 -o conftest -g -O2   conftest.c  >&5
configure:8182: $? = 0
configure:8182: ./conftest
configure:8182: $? = 0
configure:8193: result: yes
configure:8206: checking for sys/types.h
configure:8206: gcc -std=gnu99 -c -g -O2  conftest.c >&5
configure:8206: $? = 0
configure:8206: result: yes
configure:8206: checking for sys/stat.h
configure:8206: gcc -std=gnu99 -c -g -O2  conftest.c >&5
configure:8206: $? = 0
configure:8206: result: yes
configure:8206: checking for stdlib.h
configure:8206: gcc -std=gnu99 -c -g -O2  conftest.c >&5
configure:8206: $? = 0
configure:8206: result: yes
configure:8206: checking for string.h
configure:8206: gcc -std=gnu99 -c -g -O2  conftest.c >&5
configure:8206: $? = 0
configure:8206: result: yes
configure:8206: checking for memory.h
configure:8206: gcc -std=gnu99 -c -g -O2  conftest.c >&5
configure:8206: $? = 0
configure:8206: result: yes
configure:8206: checking for strings.h
configure:8206: gcc -std=gnu99 -c -g -O2  conftest.c >&5
configure:8206: $? = 0
configure:8206: result: yes
configure:8206: checking for inttypes.h
configure:8206: gcc -std=gnu99 -c -g -O2  conftest.c >&5
configure:8206: $? = 0
configure:8206: result: yes
configure:8206: checking for stdint.h
configure:8206: gcc -std=gnu99 -c -g -O2  conftest.c >&5
configure:8206: $? = 0
configure:8206: result: yes
configure:8206: checking for unistd.h
configure:8206: gcc -std=gnu99 -c -g -O2  conftest.c >&5
configure:8206: $? = 0
configure:8206: result: yes
configure:8220: checking for dlfcn.h
configure:8220: gcc -std=gnu99 -c -g -O2  conftest.c >&5
configure:8220: $? = 0
configure:8220: result: yes
configure:8377: checking for objdir
configure:8392: result: .libs
configure:8659: checking if gcc -std=gnu99 supports -fno-rtti -fno-exceptions
configure:8677: gcc -std=gnu99 -c -g -O2  -fno-rtti -fno-exceptions conftest.c >&5
cc1: warning: command line option '-fno-rtti' is valid for C++/ObjC++ but not for C [enabled by default]
configure:8681: $? = 0
configure:8694: result: no
configure:9004: checking for gcc -std=gnu99 option to produce PIC
configure:9011: result: -fPIC -DPIC
configure:9019: checking if gcc -std=gnu99 PIC flag -fPIC -DPIC works
configure:9037: gcc -std=gnu99 -c -g -O2  -fPIC -DPIC -DPIC conftest.c >&5
configure:9041: $? = 0
configure:9054: result: yes
configure:9083: checking if gcc -std=gnu99 static flag -static works
configure:9111: result: yes
configure:9126: checking if gcc -std=gnu99 supports -c -o file.o
configure:9147: gcc -std=gnu99 -c -g -O2  -o out/conftest2.o conftest.c >&5
configure:9151: $? = 0
configure:9173: result: yes
configure:9181: checking if gcc -std=gnu99 supports -c -o file.o
configure:9228: result: yes
configure:9261: checking whether the gcc -std=gnu99 linker (/usr/bin/ld -m elf_x86_64) supports shared libraries
configure:10419: result: yes
configure:10664: checking dynamic linker characteristics
configure:11191: gcc -std=gnu99 -o conftest -g -O2   -Wl,-rpath -Wl,/foo conftest.c  >&5
configure:11191: $? = 0
configure:11413: result: GNU/Linux ld.so
configure:11520: checking how to hardcode library paths into programs
configure:11545: result: immediate
configure:12085: checking whether stripping libraries is possible
configure:12090: result: yes
configure:12125: checking if libtool supports shared libraries
configure:12127: result: yes
configure:12130: checking whether to build shared libraries
configure:12151: result: no
configure:12154: checking whether to build static libraries
configure:12158: result: yes
configure:12195: checking for an ANSI C-conforming const
configure:12261: gcc -std=gnu99 -c -g -O2  conftest.c >&5
configure:12261: $? = 0
configure:12268: result: yes
configure:12277: checking for long long int
configure:12314: gcc -std=gnu99 -o conftest -g -O2   conftest.c  >&5
configure:12314: $? = 0
configure:12344: gcc -std=gnu99 -o conftest -g -O2   conftest.c  >&5
configure:12344: $? = 0
configure:12344: ./conftest
configure:12344: $? = 0
configure:12359: result: yes
configure:12368: checking for library containing ioperm
configure:12399: gcc -std=gnu99 -o conftest -g -O2   conftest.c  >&5
configure:12399: $? = 0
configure:12416: result: none required
configure:12424: checking for library containing dlopen
configure:12455: gcc -std=gnu99 -o conftest -g -O2   conftest.c  >&5
/tmp/cc13l8UN.o: In function `main':
/home/swapna/work/openocd-0.8.0/conftest.c:35: undefined reference to `dlopen'
collect2: error: ld returned 1 exit status
configure:12455: $? = 1
configure: failed program was:
| /* confdefs.h */
| #define PACKAGE_NAME "openocd"
| #define PACKAGE_TARNAME "openocd"
| #define PACKAGE_VERSION "0.8.0"
| #define PACKAGE_STRING "openocd 0.8.0"
| #define PACKAGE_BUGREPORT "OpenOCD Mailing List <openocd-devel@lists.sourceforge.net>"
| #define PACKAGE_URL ""
| #define PACKAGE "openocd"
| #define VERSION "0.8.0"
| #define STDC_HEADERS 1
| #define HAVE_SYS_TYPES_H 1
| #define HAVE_SYS_STAT_H 1
| #define HAVE_STDLIB_H 1
| #define HAVE_STRING_H 1
| #define HAVE_MEMORY_H 1
| #define HAVE_STRINGS_H 1
| #define HAVE_INTTYPES_H 1
| #define HAVE_STDINT_H 1
| #define HAVE_UNISTD_H 1
| #define HAVE_DLFCN_H 1
| #define LT_OBJDIR ".libs/"
| #define HAVE_LONG_LONG_INT 1
| /* end confdefs.h.  */
| 
| /* Override any GCC internal prototype to avoid an error.
|    Use char because int might match the return type of a GCC
|    builtin and then its argument prototype would still apply.  */
| #ifdef __cplusplus
| extern "C"
| #endif
| char dlopen ();
| int
| main ()
| {
| return dlopen ();
|   ;
|   return 0;
| }
configure:12455: gcc -std=gnu99 -o conftest -g -O2   conftest.c -ldl   >&5
configure:12455: $? = 0
configure:12472: result: -ldl
configure:12483: checking sys/socket.h usability
configure:12483: gcc -std=gnu99 -c -g -O2  conftest.c >&5
configure:12483: $? = 0
configure:12483: result: yes
configure:12483: checking sys/socket.h presence
configure:12483: gcc -std=gnu99 -E  conftest.c
configure:12483: $? = 0
configure:12483: result: yes
configure:12483: checking for sys/socket.h
configure:12483: result: yes
configure:12495: checking for arpa/inet.h
configure:12495: gcc -std=gnu99 -c -g -O2  conftest.c >&5
configure:12495: $? = 0
configure:12495: result: yes
configure:12520: checking elf.h usability
configure:12520: gcc -std=gnu99 -c -g -O2  conftest.c >&5
configure:12520: $? = 0
configure:12520: result: yes
configure:12520: checking elf.h presence
configure:12520: gcc -std=gnu99 -E  conftest.c
configure:12520: $? = 0
configure:12520: result: yes
configure:12520: checking for elf.h
configure:12520: result: yes
configure:12532: checking dirent.h usability
configure:12532: gcc -std=gnu99 -c -g -O2  conftest.c >&5
configure:12532: $? = 0
configure:12532: result: yes
configure:12532: checking dirent.h presence
configure:12532: gcc -std=gnu99 -E  conftest.c
configure:12532: $? = 0
configure:12532: result: yes
configure:12532: checking for dirent.h
configure:12532: result: yes
configure:12544: checking fcntl.h usability
configure:12544: gcc -std=gnu99 -c -g -O2  conftest.c >&5
configure:12544: $? = 0
configure:12544: result: yes
configure:12544: checking fcntl.h presence
configure:12544: gcc -std=gnu99 -E  conftest.c
configure:12544: $? = 0
configure:12544: result: yes
configure:12544: checking for fcntl.h
configure:12544: result: yes
configure:12556: checking for ifaddrs.h
configure:12556: gcc -std=gnu99 -c -g -O2  conftest.c >&5
configure:12556: $? = 0
configure:12556: result: yes
configure:12581: checking malloc.h usability
configure:12581: gcc -std=gnu99 -c -g -O2  conftest.c >&5
configure:12581: $? = 0
configure:12581: result: yes
configure:12581: checking malloc.h presence
configure:12581: gcc -std=gnu99 -E  conftest.c
configure:12581: $? = 0
configure:12581: result: yes
configure:12581: checking for malloc.h
configure:12581: result: yes
configure:12593: checking netdb.h usability
configure:12593: gcc -std=gnu99 -c -g -O2  conftest.c >&5
configure:12593: $? = 0
configure:12593: result: yes
configure:12593: checking netdb.h presence
configure:12593: gcc -std=gnu99 -E  conftest.c
configure:12593: $? = 0
configure:12593: result: yes
configure:12593: checking for netdb.h
configure:12593: result: yes
configure:12605: checking for netinet/in.h
configure:12605: gcc -std=gnu99 -c -g -O2  conftest.c >&5
configure:12605: $? = 0
configure:12605: result: yes
configure:12630: checking for netinet/tcp.h
configure:12630: gcc -std=gnu99 -c -g -O2  conftest.c >&5
configure:12630: $? = 0
configure:12630: result: yes
configure:12655: checking pthread.h usability
configure:12655: gcc -std=gnu99 -c -g -O2  conftest.c >&5
configure:12655: $? = 0
configure:12655: result: yes
configure:12655: checking pthread.h presence
configure:12655: gcc -std=gnu99 -E  conftest.c
configure:12655: $? = 0
configure:12655: result: yes
configure:12655: checking for pthread.h
configure:12655: result: yes
configure:12667: checking for strings.h
configure:12667: result: yes
configure:12679: checking sys/ioctl.h usability
configure:12679: gcc -std=gnu99 -c -g -O2  conftest.c >&5
configure:12679: $? = 0
configure:12679: result: yes
configure:12679: checking sys/ioctl.h presence
configure:12679: gcc -std=gnu99 -E  conftest.c
configure:12679: $? = 0
configure:12679: result: yes
configure:12679: checking for sys/ioctl.h
configure:12679: result: yes
configure:12691: checking sys/param.h usability
configure:12691: gcc -std=gnu99 -c -g -O2  conftest.c >&5
configure:12691: $? = 0
configure:12691: result: yes
configure:12691: checking sys/param.h presence
configure:12691: gcc -std=gnu99 -E  conftest.c
configure:12691: $? = 0
configure:12691: result: yes
configure:12691: checking for sys/param.h
configure:12691: result: yes
configure:12703: checking sys/poll.h usability
configure:12703: gcc -std=gnu99 -c -g -O2  conftest.c >&5
configure:12703: $? = 0
configure:12703: result: yes
configure:12703: checking sys/poll.h presence
configure:12703: gcc -std=gnu99 -E  conftest.c
configure:12703: $? = 0
configure:12703: result: yes
configure:12703: checking for sys/poll.h
configure:12703: result: yes
configure:12715: checking sys/select.h usability
configure:12715: gcc -std=gnu99 -c -g -O2  conftest.c >&5
configure:12715: $? = 0
configure:12715: result: yes
configure:12715: checking sys/select.h presence
configure:12715: gcc -std=gnu99 -E  conftest.c
configure:12715: $? = 0
configure:12715: result: yes
configure:12715: checking for sys/select.h
configure:12715: result: yes
configure:12727: checking for sys/stat.h
configure:12727: result: yes
configure:12739: checking sys/time.h usability
configure:12739: gcc -std=gnu99 -c -g -O2  conftest.c >&5
configure:12739: $? = 0
configure:12739: result: yes
configure:12739: checking sys/time.h presence
configure:12739: gcc -std=gnu99 -E  conftest.c
configure:12739: $? = 0
configure:12739: result: yes
configure:12739: checking for sys/time.h
configure:12739: result: yes
configure:12751: checking for sys/types.h
configure:12751: result: yes
configure:12763: checking for unistd.h
configure:12763: result: yes
configure:12775: checking for net/if.h
configure:12775: gcc -std=gnu99 -c -g -O2  conftest.c >&5
configure:12775: $? = 0
configure:12775: result: yes
configure:12800: checking whether to enable assertions
configure:12818: result: yes
configure:12821: checking for stdbool.h that conforms to C99
configure:12888: gcc -std=gnu99 -c -g -O2  conftest.c >&5
configure:12888: $? = 0
configure:12895: result: yes
configure:12897: checking for _Bool
configure:12897: gcc -std=gnu99 -c -g -O2  conftest.c >&5
configure:12897: $? = 0
configure:12897: gcc -std=gnu99 -c -g -O2  conftest.c >&5
conftest.c: In function 'main':
conftest.c:81:20: error: expected expression before ')' token
 if (sizeof ((_Bool)))
                    ^
configure:12897: $? = 1
configure: failed program was:
| /* confdefs.h */
| #define PACKAGE_NAME "openocd"
| #define PACKAGE_TARNAME "openocd"
| #define PACKAGE_VERSION "0.8.0"
| #define PACKAGE_STRING "openocd 0.8.0"
| #define PACKAGE_BUGREPORT "OpenOCD Mailing List <openocd-devel@lists.sourceforge.net>"
| #define PACKAGE_URL ""
| #define PACKAGE "openocd"
| #define VERSION "0.8.0"
| #define STDC_HEADERS 1
| #define HAVE_SYS_TYPES_H 1
| #define HAVE_SYS_STAT_H 1
| #define HAVE_STDLIB_H 1
| #define HAVE_STRING_H 1
| #define HAVE_MEMORY_H 1
| #define HAVE_STRINGS_H 1
| #define HAVE_INTTYPES_H 1
| #define HAVE_STDINT_H 1
| #define HAVE_UNISTD_H 1
| #define HAVE_DLFCN_H 1
| #define LT_OBJDIR ".libs/"
| #define HAVE_LONG_LONG_INT 1
| #define HAVE_SYS_SOCKET_H 1
| #define HAVE_ARPA_INET_H 1
| #define HAVE_ELF_H 1
| #define HAVE_DIRENT_H 1
| #define HAVE_FCNTL_H 1
| #define HAVE_IFADDRS_H 1
| #define HAVE_MALLOC_H 1
| #define HAVE_NETDB_H 1
| #define HAVE_NETINET_IN_H 1
| #define HAVE_NETINET_TCP_H 1
| #define HAVE_PTHREAD_H 1
| #define HAVE_STRINGS_H 1
| #define HAVE_SYS_IOCTL_H 1
| #define HAVE_SYS_PARAM_H 1
| #define HAVE_SYS_POLL_H 1
| #define HAVE_SYS_SELECT_H 1
| #define HAVE_SYS_STAT_H 1
| #define HAVE_SYS_TIME_H 1
| #define HAVE_SYS_TYPES_H 1
| #define HAVE_UNISTD_H 1
| #define HAVE_NET_IF_H 1
| /* end confdefs.h.  */
| #include <stdio.h>
| #ifdef HAVE_SYS_TYPES_H
| # include <sys/types.h>
| #endif
| #ifdef HAVE_SYS_STAT_H
| # include <sys/stat.h>
| #endif
| #ifdef STDC_HEADERS
| # include <stdlib.h>
| # include <stddef.h>
| #else
| # ifdef HAVE_STDLIB_H
| #  include <stdlib.h>
| # endif
| #endif
| #ifdef HAVE_STRING_H
| # if !defined STDC_HEADERS && defined HAVE_MEMORY_H
| #  include <memory.h>
| # endif
| # include <string.h>
| #endif
| #ifdef HAVE_STRINGS_H
| # include <strings.h>
| #endif
| #ifdef HAVE_INTTYPES_H
| # include <inttypes.h>
| #endif
| #ifdef HAVE_STDINT_H
| # include <stdint.h>
| #endif
| #ifdef HAVE_UNISTD_H
| # include <unistd.h>
| #endif
| int
| main ()
| {
| if (sizeof ((_Bool)))
| 	    return 0;
|   ;
|   return 0;
| }
configure:12897: result: yes
configure:12914: checking whether time.h and sys/time.h may both be included
configure:12934: gcc -std=gnu99 -c -g -O2  conftest.c >&5
configure:12934: $? = 0
configure:12941: result: yes
configure:12950: checking whether byte ordering is bigendian
configure:12965: gcc -std=gnu99 -c -g -O2  conftest.c >&5
conftest.c:49:9: error: unknown type name 'not'
         not a universal capable compiler
         ^
conftest.c:49:15: error: expected '=', ',', ';', 'asm' or '__attribute__' before 'universal'
         not a universal capable compiler
               ^
conftest.c:49:15: error: unknown type name 'universal'
configure:12965: $? = 1
configure: failed program was:
| /* confdefs.h */
| #define PACKAGE_NAME "openocd"
| #define PACKAGE_TARNAME "openocd"
| #define PACKAGE_VERSION "0.8.0"
| #define PACKAGE_STRING "openocd 0.8.0"
| #define PACKAGE_BUGREPORT "OpenOCD Mailing List <openocd-devel@lists.sourceforge.net>"
| #define PACKAGE_URL ""
| #define PACKAGE "openocd"
| #define VERSION "0.8.0"
| #define STDC_HEADERS 1
| #define HAVE_SYS_TYPES_H 1
| #define HAVE_SYS_STAT_H 1
| #define HAVE_STDLIB_H 1
| #define HAVE_STRING_H 1
| #define HAVE_MEMORY_H 1
| #define HAVE_STRINGS_H 1
| #define HAVE_INTTYPES_H 1
| #define HAVE_STDINT_H 1
| #define HAVE_UNISTD_H 1
| #define HAVE_DLFCN_H 1
| #define LT_OBJDIR ".libs/"
| #define HAVE_LONG_LONG_INT 1
| #define HAVE_SYS_SOCKET_H 1
| #define HAVE_ARPA_INET_H 1
| #define HAVE_ELF_H 1
| #define HAVE_DIRENT_H 1
| #define HAVE_FCNTL_H 1
| #define HAVE_IFADDRS_H 1
| #define HAVE_MALLOC_H 1
| #define HAVE_NETDB_H 1
| #define HAVE_NETINET_IN_H 1
| #define HAVE_NETINET_TCP_H 1
| #define HAVE_PTHREAD_H 1
| #define HAVE_STRINGS_H 1
| #define HAVE_SYS_IOCTL_H 1
| #define HAVE_SYS_PARAM_H 1
| #define HAVE_SYS_POLL_H 1
| #define HAVE_SYS_SELECT_H 1
| #define HAVE_SYS_STAT_H 1
| #define HAVE_SYS_TIME_H 1
| #define HAVE_SYS_TYPES_H 1
| #define HAVE_UNISTD_H 1
| #define HAVE_NET_IF_H 1
| #define HAVE__BOOL 1
| #define HAVE_STDBOOL_H 1
| #define TIME_WITH_SYS_TIME 1
| /* end confdefs.h.  */
| #ifndef __APPLE_CC__
| 	       not a universal capable compiler
| 	     #endif
| 	     typedef int dummy;
| 
configure:13010: gcc -std=gnu99 -c -g -O2  conftest.c >&5
configure:13010: $? = 0
configure:13028: gcc -std=gnu99 -c -g -O2  conftest.c >&5
conftest.c: In function 'main':
conftest.c:55:4: error: unknown type name 'not'
    not big endian
    ^
conftest.c:55:12: error: expected '=', ',', ';', 'asm' or '__attribute__' before 'endian'
    not big endian
            ^
configure:13028: $? = 1
configure: failed program was:
| /* confdefs.h */
| #define PACKAGE_NAME "openocd"
| #define PACKAGE_TARNAME "openocd"
| #define PACKAGE_VERSION "0.8.0"
| #define PACKAGE_STRING "openocd 0.8.0"
| #define PACKAGE_BUGREPORT "OpenOCD Mailing List <openocd-devel@lists.sourceforge.net>"
| #define PACKAGE_URL ""
| #define PACKAGE "openocd"
| #define VERSION "0.8.0"
| #define STDC_HEADERS 1
| #define HAVE_SYS_TYPES_H 1
| #define HAVE_SYS_STAT_H 1
| #define HAVE_STDLIB_H 1
| #define HAVE_STRING_H 1
| #define HAVE_MEMORY_H 1
| #define HAVE_STRINGS_H 1
| #define HAVE_INTTYPES_H 1
| #define HAVE_STDINT_H 1
| #define HAVE_UNISTD_H 1
| #define HAVE_DLFCN_H 1
| #define LT_OBJDIR ".libs/"
| #define HAVE_LONG_LONG_INT 1
| #define HAVE_SYS_SOCKET_H 1
| #define HAVE_ARPA_INET_H 1
| #define HAVE_ELF_H 1
| #define HAVE_DIRENT_H 1
| #define HAVE_FCNTL_H 1
| #define HAVE_IFADDRS_H 1
| #define HAVE_MALLOC_H 1
| #define HAVE_NETDB_H 1
| #define HAVE_NETINET_IN_H 1
| #define HAVE_NETINET_TCP_H 1
| #define HAVE_PTHREAD_H 1
| #define HAVE_STRINGS_H 1
| #define HAVE_SYS_IOCTL_H 1
| #define HAVE_SYS_PARAM_H 1
| #define HAVE_SYS_POLL_H 1
| #define HAVE_SYS_SELECT_H 1
| #define HAVE_SYS_STAT_H 1
| #define HAVE_SYS_TIME_H 1
| #define HAVE_SYS_TYPES_H 1
| #define HAVE_UNISTD_H 1
| #define HAVE_NET_IF_H 1
| #define HAVE__BOOL 1
| #define HAVE_STDBOOL_H 1
| #define TIME_WITH_SYS_TIME 1
| /* end confdefs.h.  */
| #include <sys/types.h>
| 		#include <sys/param.h>
| 
| int
| main ()
| {
| #if BYTE_ORDER != BIG_ENDIAN
| 		 not big endian
| 		#endif
| 
|   ;
|   return 0;
| }
configure:13156: result: no
configure:13177: checking for strndup
configure:13177: gcc -std=gnu99 -o conftest -g -O2   conftest.c -ldl  >&5
conftest.c:71:6: warning: conflicting types for built-in function 'strndup' [enabled by default]
 char strndup ();
      ^
configure:13177: $? = 0
configure:13177: result: yes
configure:13188: checking for strnlen
configure:13188: gcc -std=gnu99 -o conftest -g -O2   conftest.c -ldl  >&5
configure:13188: $? = 0
configure:13188: result: yes
configure:13199: checking for gettimeofday
configure:13199: gcc -std=gnu99 -o conftest -g -O2   conftest.c -ldl  >&5
configure:13199: $? = 0
configure:13199: result: yes
configure:13210: checking for usleep
configure:13210: gcc -std=gnu99 -o conftest -g -O2   conftest.c -ldl  >&5
configure:13210: $? = 0
configure:13210: result: yes
configure:13221: checking for vasprintf
configure:13221: gcc -std=gnu99 -o conftest -g -O2   conftest.c -ldl  >&5
configure:13221: $? = 0
configure:13221: result: yes
configure:13239: checking whether to build a release
configure:13246: result: yes
configure:13384: checking whether to build Doxygen as HTML
configure:13386: result: yes
configure:13397: checking whether to build Doxygen as PDF
configure:13399: result: no
configure:13459: checking whether to enable verbose JTAG I/O messages
configure:13461: result: no
configure:13469: checking whether to enable verbose USB I/O messages
configure:13471: result: no
configure:13479: checking whether to enable verbose USB communication messages
configure:13481: result: no
configure:13496: checking whether to enable malloc free space logging
configure:13498: result: no
configure:13849: checking whether to enable ZY1000 minidriver
configure:13860: result: no
configure:13871: checking whether to enable dummy minidriver
configure:13885: result: no
configure:13888: checking whether standard drivers can be built
configure:13897: result: yes
configure:15046: checking for LIBUSB1
configure:15053: $PKG_CONFIG --exists --print-errors "libusb-1.0"
configure:15056: $? = 0
configure:15070: $PKG_CONFIG --exists --print-errors "libusb-1.0"
configure:15073: $? = 0
configure:15119: result: yes
configure:15127: $PKG_CONFIG --exists --print-errors "libusb-1.0 >= 1.0.9"
configure:15130: $? = 0
configure:15140: libusb-1.0 header bug workaround: LIBUSB1_CFLAGS changed to "-isystem /usr/include/libusb-1.0"
configure:15147: checking for LIBUSB0
configure:15154: $PKG_CONFIG --exists --print-errors "libusb"
Package libusb was not found in the pkg-config search path.
Perhaps you should add the directory containing `libusb.pc'
to the PKG_CONFIG_PATH environment variable
No package 'libusb' found
configure:15157: $? = 1
configure:15171: $PKG_CONFIG --exists --print-errors "libusb"
Package libusb was not found in the pkg-config search path.
Perhaps you should add the directory containing `libusb.pc'
to the PKG_CONFIG_PATH environment variable
No package 'libusb' found
configure:15174: $? = 1
configure:15188: result: no
No package 'libusb' found
configure:15220: checking for HIDAPI
configure:15227: $PKG_CONFIG --exists --print-errors "$hidapi_lib"
Package hidapi was not found in the pkg-config search path.
Perhaps you should add the directory containing `hidapi.pc'
to the PKG_CONFIG_PATH environment variable
No package 'hidapi' found
configure:15230: $? = 1
configure:15244: $PKG_CONFIG --exists --print-errors "$hidapi_lib"
Package hidapi was not found in the pkg-config search path.
Perhaps you should add the directory containing `hidapi.pc'
to the PKG_CONFIG_PATH environment variable
No package 'hidapi' found
configure:15247: $? = 1
configure:15261: result: no
No package 'hidapi' found
configure:15220: checking for HIDAPI
configure:15227: $PKG_CONFIG --exists --print-errors "$hidapi_lib"
Package hidapi-hidraw was not found in the pkg-config search path.
Perhaps you should add the directory containing `hidapi-hidraw.pc'
to the PKG_CONFIG_PATH environment variable
No package 'hidapi-hidraw' found
configure:15230: $? = 1
configure:15244: $PKG_CONFIG --exists --print-errors "$hidapi_lib"
Package hidapi-hidraw was not found in the pkg-config search path.
Perhaps you should add the directory containing `hidapi-hidraw.pc'
to the PKG_CONFIG_PATH environment variable
No package 'hidapi-hidraw' found
configure:15247: $? = 1
configure:15261: result: no
No package 'hidapi-hidraw' found
configure:15220: checking for HIDAPI
configure:15227: $PKG_CONFIG --exists --print-errors "$hidapi_lib"
Package hidapi-libusb was not found in the pkg-config search path.
Perhaps you should add the directory containing `hidapi-libusb.pc'
to the PKG_CONFIG_PATH environment variable
No package 'hidapi-libusb' found
configure:15230: $? = 1
configure:15244: $PKG_CONFIG --exists --print-errors "$hidapi_lib"
Package hidapi-libusb was not found in the pkg-config search path.
Perhaps you should add the directory containing `hidapi-libusb.pc'
to the PKG_CONFIG_PATH environment variable
No package 'hidapi-libusb' found
configure:15247: $? = 1
configure:15261: result: no
No package 'hidapi-libusb' found
configure:15981: checking for environ in unistd.h and stdlib.h
configure:15999: gcc -std=gnu99 -c -g -O2  conftest.c >&5
configure:15999: $? = 0
configure:16001: result: yes
configure:16076: checking for a C compiler for build tools
configure:16127: result: gcc -std=gnu99
configure:16132: checking for suffix of executable build tools
configure:16161: result: 
configure:16276: checking that generated files are newer than configure
configure:16282: result: done
configure:16514: creating ./config.status

## ---------------------- ##
## Running config.status. ##
## ---------------------- ##

This file was extended by openocd config.status 0.8.0, which was
generated by GNU Autoconf 2.69.  Invocation command line was

  CONFIG_FILES    = 
  CONFIG_HEADERS  = 
  CONFIG_LINKS    = 
  CONFIG_COMMANDS = 
  $ ./config.status 

on swapna-Latitude-E7440

config.status:1292: creating Makefile
config.status:1292: creating src/Makefile
config.status:1292: creating src/helper/Makefile
config.status:1292: creating src/jtag/Makefile
config.status:1292: creating src/jtag/drivers/Makefile
config.status:1292: creating src/jtag/drivers/usb_blaster/Makefile
config.status:1292: creating src/jtag/hla/Makefile
config.status:1292: creating src/jtag/aice/Makefile
config.status:1292: creating src/transport/Makefile
config.status:1292: creating src/target/openrisc/Makefile
config.status:1292: creating src/xsvf/Makefile
config.status:1292: creating src/svf/Makefile
config.status:1292: creating src/target/Makefile
config.status:1292: creating src/rtos/Makefile
config.status:1292: creating src/server/Makefile
config.status:1292: creating src/flash/Makefile
config.status:1292: creating src/flash/nor/Makefile
config.status:1292: creating src/flash/nand/Makefile
config.status:1292: creating src/pld/Makefile
config.status:1292: creating doc/Makefile
config.status:1292: creating config.h
config.status:1473: config.h is unchanged
config.status:1521: executing depfiles commands
config.status:1521: executing libtool commands
configure:18824: === configuring in jimtcl (/home/swapna/work/openocd-0.8.0/jimtcl)
configure:18887: running /bin/sh ./configure.gnu --disable-option-checking '--prefix=/usr/local'  '--enable-jlink' --cache-file=/dev/null --srcdir=.

## ---------------- ##
## Cache variables. ##
## ---------------- ##

ac_cv_build=x86_64-unknown-linux-gnu
ac_cv_c_bigendian=no
ac_cv_c_compiler_gnu=yes
ac_cv_c_const=yes
ac_cv_env_CC_set=
ac_cv_env_CC_value=
ac_cv_env_CFLAGS_set=
ac_cv_env_CFLAGS_value=
ac_cv_env_CPPFLAGS_set=
ac_cv_env_CPPFLAGS_value=
ac_cv_env_CPP_set=
ac_cv_env_CPP_value=
ac_cv_env_HIDAPI_CFLAGS_set=
ac_cv_env_HIDAPI_CFLAGS_value=
ac_cv_env_HIDAPI_LIBS_set=
ac_cv_env_HIDAPI_LIBS_value=
ac_cv_env_LDFLAGS_set=
ac_cv_env_LDFLAGS_value=
ac_cv_env_LIBFTDI_CFLAGS_set=
ac_cv_env_LIBFTDI_CFLAGS_value=
ac_cv_env_LIBFTDI_LIBS_set=
ac_cv_env_LIBFTDI_LIBS_value=
ac_cv_env_LIBS_set=
ac_cv_env_LIBS_value=
ac_cv_env_LIBUSB0_CFLAGS_set=
ac_cv_env_LIBUSB0_CFLAGS_value=
ac_cv_env_LIBUSB0_LIBS_set=
ac_cv_env_LIBUSB0_LIBS_value=
ac_cv_env_LIBUSB1_CFLAGS_set=
ac_cv_env_LIBUSB1_CFLAGS_value=
ac_cv_env_LIBUSB1_LIBS_set=
ac_cv_env_LIBUSB1_LIBS_value=
ac_cv_env_PKG_CONFIG_LIBDIR_set=
ac_cv_env_PKG_CONFIG_LIBDIR_value=
ac_cv_env_PKG_CONFIG_PATH_set=
ac_cv_env_PKG_CONFIG_PATH_value=
ac_cv_env_PKG_CONFIG_set=
ac_cv_env_PKG_CONFIG_value=
ac_cv_env_build_alias_set=
ac_cv_env_build_alias_value=
ac_cv_env_host_alias_set=
ac_cv_env_host_alias_value=
ac_cv_env_target_alias_set=
ac_cv_env_target_alias_value=
ac_cv_func_gettimeofday=yes
ac_cv_func_strndup=yes
ac_cv_func_strnlen=yes
ac_cv_func_usleep=yes
ac_cv_func_vasprintf=yes
ac_cv_header_arpa_inet_h=yes
ac_cv_header_dirent_h=yes
ac_cv_header_dlfcn_h=yes
ac_cv_header_elf_h=yes
ac_cv_header_fcntl_h=yes
ac_cv_header_ifaddrs_h=yes
ac_cv_header_inttypes_h=yes
ac_cv_header_malloc_h=yes
ac_cv_header_memory_h=yes
ac_cv_header_net_if_h=yes
ac_cv_header_netdb_h=yes
ac_cv_header_netinet_in_h=yes
ac_cv_header_netinet_tcp_h=yes
ac_cv_header_pthread_h=yes
ac_cv_header_stdbool_h=yes
ac_cv_header_stdc=yes
ac_cv_header_stdint_h=yes
ac_cv_header_stdlib_h=yes
ac_cv_header_string_h=yes
ac_cv_header_strings_h=yes
ac_cv_header_sys_ioctl_h=yes
ac_cv_header_sys_param_h=yes
ac_cv_header_sys_poll_h=yes
ac_cv_header_sys_select_h=yes
ac_cv_header_sys_socket_h=yes
ac_cv_header_sys_stat_h=yes
ac_cv_header_sys_time_h=yes
ac_cv_header_sys_types_h=yes
ac_cv_header_time=yes
ac_cv_header_unistd_h=yes
ac_cv_host=x86_64-unknown-linux-gnu
ac_cv_objext=o
ac_cv_path_EGREP='/bin/grep -E'
ac_cv_path_FGREP='/bin/grep -F'
ac_cv_path_GREP=/bin/grep
ac_cv_path_SED=/bin/sed
ac_cv_path_ac_pt_PKG_CONFIG=/usr/bin/pkg-config
ac_cv_path_install='/usr/bin/install -c'
ac_cv_path_mkdir=/bin/mkdir
ac_cv_prog_AWK=mawk
ac_cv_prog_CPP='gcc -std=gnu99 -E'
ac_cv_prog_ac_ct_AR=ar
ac_cv_prog_ac_ct_CC=gcc
ac_cv_prog_ac_ct_MANIFEST_TOOL=mt
ac_cv_prog_ac_ct_OBJDUMP=objdump
ac_cv_prog_ac_ct_RANLIB=ranlib
ac_cv_prog_ac_ct_STRIP=strip
ac_cv_prog_cc_c89=
ac_cv_prog_cc_c99=-std=gnu99
ac_cv_prog_cc_g=yes
ac_cv_prog_cc_gcc_c_o=yes
ac_cv_prog_make_make_set=yes
ac_cv_search_dlopen=-ldl
ac_cv_search_ioperm='none required'
ac_cv_type__Bool=yes
ac_cv_type_long_long_int=yes
am_cv_CC_dependencies_compiler_type=gcc3
am_cv_make_support_nested_variables=yes
lt_cv_ar_at_file=@
lt_cv_deplibs_check_method=pass_all
lt_cv_file_magic_cmd='$MAGIC_CMD'
lt_cv_file_magic_test_file=
lt_cv_ld_reload_flag=-r
lt_cv_nm_interface='BSD nm'
lt_cv_objdir=.libs
lt_cv_path_LD=/usr/bin/ld
lt_cv_path_NM='/usr/bin/nm -B'
lt_cv_path_mainfest_tool=no
lt_cv_prog_compiler_c_o=yes
lt_cv_prog_compiler_pic='-fPIC -DPIC'
lt_cv_prog_compiler_pic_works=yes
lt_cv_prog_compiler_rtti_exceptions=no
lt_cv_prog_compiler_static_works=yes
lt_cv_prog_gnu_ld=yes
lt_cv_sharedlib_from_linklib_cmd='printf %s\n'
lt_cv_shlibpath_overrides_runpath=no
lt_cv_sys_global_symbol_pipe='sed -n -e '\''s/^.*[	 ]\([ABCDGIRSTW][ABCDGIRSTW]*\)[	 ][	 ]*\([_A-Za-z][_A-Za-z0-9]*\)$/\1 \2 \2/p'\'' | sed '\''/ __gnu_lto/d'\'''
lt_cv_sys_global_symbol_to_c_name_address='sed -n -e '\''s/^: \([^ ]*\)[ ]*$/  {\"\1\", (void *) 0},/p'\'' -e '\''s/^[ABCDGIRSTW]* \([^ ]*\) \([^ ]*\)$/  {"\2", (void *) \&\2},/p'\'''
lt_cv_sys_global_symbol_to_c_name_address_lib_prefix='sed -n -e '\''s/^: \([^ ]*\)[ ]*$/  {\"\1\", (void *) 0},/p'\'' -e '\''s/^[ABCDGIRSTW]* \([^ ]*\) \(lib[^ ]*\)$/  {"\2", (void *) \&\2},/p'\'' -e '\''s/^[ABCDGIRSTW]* \([^ ]*\) \([^ ]*\)$/  {"lib\2", (void *) \&\2},/p'\'''
lt_cv_sys_global_symbol_to_cdecl='sed -n -e '\''s/^T .* \(.*\)$/extern int \1();/p'\'' -e '\''s/^[ABCDGIRSTW]* .* \(.*\)$/extern char \1;/p'\'''
lt_cv_sys_max_cmd_len=1572864
lt_cv_to_host_file_cmd=func_convert_file_noop
lt_cv_to_tool_file_cmd=func_convert_file_noop
pkg_cv_LIBUSB1_CFLAGS='-I/usr/include/libusb-1.0  '
pkg_cv_LIBUSB1_LIBS='-lusb-1.0  '

## ----------------- ##
## Output variables. ##
## ----------------- ##

ACLOCAL='${SHELL} /home/swapna/work/openocd-0.8.0/missing aclocal-1.13'
AICE_FALSE='#'
AICE_TRUE=''
AMDEPBACKSLASH='\'
AMDEP_FALSE='#'
AMDEP_TRUE=''
AMTAR='$${TAR-tar}'
AMTJTAGACCEL_FALSE=''
AMTJTAGACCEL_TRUE='#'
AM_BACKSLASH='\'
AM_DEFAULT_V='$(AM_DEFAULT_VERBOSITY)'
AM_DEFAULT_VERBOSITY='1'
AM_V='$(V)'
AR='ar'
ARMJTAGEW_FALSE=''
ARMJTAGEW_TRUE='#'
AT91RM9200_FALSE=''
AT91RM9200_TRUE='#'
AUTOCONF='${SHELL} /home/swapna/work/openocd-0.8.0/missing autoconf'
AUTOHEADER='${SHELL} /home/swapna/work/openocd-0.8.0/missing autoheader'
AUTOMAKE='${SHELL} /home/swapna/work/openocd-0.8.0/missing automake-1.13'
AWK='mawk'
BCM2835GPIO_FALSE=''
BCM2835GPIO_TRUE='#'
BITBANG_FALSE=''
BITBANG_TRUE='#'
BITQ_FALSE=''
BITQ_TRUE='#'
BUSPIRATE_FALSE=''
BUSPIRATE_TRUE='#'
CC='gcc -std=gnu99'
CCDEPMODE='depmode=gcc3'
CC_FOR_BUILD='gcc -std=gnu99'
CFLAGS='-g -O2 -Wall -Wstrict-prototypes -Wformat-security -Wshadow -Wextra -Wno-unused-parameter -Wbad-function-cast -Wcast-align -Wredundant-decls -Werror'
CFLAGS_FOR_BUILD='-g -O2 -Wall -Wstrict-prototypes -Wformat-security -Wshadow -Wextra -Wno-unused-parameter -Wbad-function-cast -Wcast-align -Wredundant-decls -Werror'
CMSIS_DAP_FALSE=''
CMSIS_DAP_TRUE='#'
CPP='gcc -std=gnu99 -E'
CPPFLAGS=''
CYGPATH_W='echo'
DEFS='-DHAVE_CONFIG_H'
DEPDIR='.deps'
DLLTOOL='false'
DSYMUTIL=''
DUMMY_FALSE=''
DUMMY_TRUE='#'
DUMPBIN=''
ECHO_C=''
ECHO_N='-n'
ECHO_T=''
EGREP='/bin/grep -E'
EP93XX_FALSE=''
EP93XX_TRUE='#'
EXEEXT=''
EXEEXT_FOR_BUILD=''
FGREP='/bin/grep -F'
FT2232_DRIVER_FALSE=''
FT2232_DRIVER_TRUE='#'
FT2232_LIBFTDI_FALSE=''
FT2232_LIBFTDI_TRUE='#'
FTDI_FALSE='#'
FTDI_TRUE=''
GIVEIO_FALSE=''
GIVEIO_TRUE='#'
GREP='/bin/grep'
GW16012_FALSE=''
GW16012_TRUE='#'
HIDAPI_CFLAGS=''
HIDAPI_LIBS=''
HLADAPTER_FALSE='#'
HLADAPTER_ICDI_FALSE='#'
HLADAPTER_ICDI_TRUE=''
HLADAPTER_STLINK_FALSE='#'
HLADAPTER_STLINK_TRUE=''
HLADAPTER_TRUE=''
INSTALL_DATA='${INSTALL} -m 644'
INSTALL_PROGRAM='${INSTALL}'
INSTALL_SCRIPT='${INSTALL}'
INSTALL_STRIP_PROGRAM='$(install_sh) -c -s'
INTERNAL_JIMTCL_FALSE='#'
INTERNAL_JIMTCL_TRUE=''
IOUTIL_FALSE=''
IOUTIL_TRUE='#'
IS_CYGWIN_FALSE=''
IS_CYGWIN_TRUE='#'
IS_DARWIN_FALSE=''
IS_DARWIN_TRUE='#'
IS_MINGW_FALSE=''
IS_MINGW_TRUE='#'
IS_WIN32_FALSE=''
IS_WIN32_TRUE='#'
JLINK_FALSE='#'
JLINK_TRUE=''
JTAG_VPI_FALSE=''
JTAG_VPI_TRUE='#'
LD='/usr/bin/ld -m elf_x86_64'
LDFLAGS=''
LIBFTDI_CFLAGS=''
LIBFTDI_LIBS=''
LIBOBJS=''
LIBS='-ldl '
LIBTOOL='$(SHELL) $(top_builddir)/libtool'
LIBTOOL_DEPS='./ltmain.sh'
LIBUSB0_CFLAGS=''
LIBUSB0_LIBS=''
LIBUSB1_CFLAGS='-isystem /usr/include/libusb-1.0'
LIBUSB1_LIBS='-lusb-1.0  '
LIPO=''
LN_S='ln -s'
LTLIBOBJS=''
MAKEINFO='${SHELL} /home/swapna/work/openocd-0.8.0/missing makeinfo'
MANIFEST_TOOL=':'
MINIDRIVER_DUMMY_FALSE=''
MINIDRIVER_DUMMY_TRUE='#'
MINIDRIVER_FALSE=''
MINIDRIVER_TRUE='#'
MKDIR_P='/bin/mkdir -p'
NM='/usr/bin/nm -B'
NMEDIT=''
OBJDUMP='objdump'
OBJEXT='o'
OOCD_TRACE_FALSE=''
OOCD_TRACE_TRUE='#'
OPENDOUS_FALSE='#'
OPENDOUS_TRUE=''
OPENJTAG_FALSE=''
OPENJTAG_TRUE='#'
OSBDM_FALSE='#'
OSBDM_TRUE=''
OTOOL64=''
OTOOL=''
PACKAGE='openocd'
PACKAGE_BUGREPORT='OpenOCD Mailing List <openocd-devel@lists.sourceforge.net>'
PACKAGE_NAME='openocd'
PACKAGE_STRING='openocd 0.8.0'
PACKAGE_TARNAME='openocd'
PACKAGE_URL=''
PACKAGE_VERSION='0.8.0'
PARPORT_FALSE=''
PARPORT_TRUE='#'
PATH_SEPARATOR=':'
PKG_CONFIG='/usr/bin/pkg-config'
PKG_CONFIG_LIBDIR=''
PKG_CONFIG_PATH=''
PRESTO_DRIVER_FALSE=''
PRESTO_DRIVER_TRUE='#'
PRESTO_LIBFTDI_FALSE=''
PRESTO_LIBFTDI_TRUE='#'
RANLIB='ranlib'
RELEASE_FALSE='#'
RELEASE_TRUE=''
REMOTE_BITBANG_FALSE=''
REMOTE_BITBANG_TRUE='#'
RLINK_FALSE=''
RLINK_TRUE='#'
SED='/bin/sed'
SET_MAKE=''
SHELL='/bin/sh'
STRIP='strip'
SYSFSGPIO_FALSE=''
SYSFSGPIO_TRUE='#'
ULINK_FALSE='#'
ULINK_TRUE=''
USBPROG_FALSE=''
USBPROG_TRUE='#'
USB_BLASTER_2_FALSE='#'
USB_BLASTER_2_TRUE=''
USB_BLASTER_DRIVER_FALSE='#'
USB_BLASTER_DRIVER_TRUE=''
USB_BLASTER_FTD2XX_FALSE=''
USB_BLASTER_FTD2XX_TRUE='#'
USB_BLASTER_LIBFTDI_FALSE=''
USB_BLASTER_LIBFTDI_TRUE='#'
USE_LIBUSB0_FALSE=''
USE_LIBUSB0_TRUE='#'
USE_LIBUSB1_FALSE='#'
USE_LIBUSB1_TRUE=''
VERSION='0.8.0'
VSLLINK_FALSE=''
VSLLINK_TRUE='#'
ZY1000_FALSE=''
ZY1000_MASTER_FALSE=''
ZY1000_MASTER_TRUE='#'
ZY1000_TRUE='#'
ac_ct_AR='ar'
ac_ct_CC='gcc'
ac_ct_DUMPBIN=''
am__EXEEXT_FALSE=''
am__EXEEXT_TRUE='#'
am__fastdepCC_FALSE='#'
am__fastdepCC_TRUE=''
am__include='include'
am__isrc=''
am__leading_dot='.'
am__nodep='_no'
am__quote=''
am__tar='$${TAR-tar} chof - "$$tardir"'
am__untar='$${TAR-tar} xf -'
bindir='${exec_prefix}/bin'
build='x86_64-unknown-linux-gnu'
build_alias=''
build_cpu='x86_64'
build_os='linux-gnu'
build_vendor='unknown'
datadir='${datarootdir}'
datarootdir='${prefix}/share'
docdir='${datarootdir}/doc/${PACKAGE_TARNAME}'
doxygen_as_html='yes'
doxygen_as_pdf='no'
dvidir='${docdir}'
exec_prefix='${prefix}'
host='x86_64-unknown-linux-gnu'
host_alias=''
host_cpu='x86_64'
host_os='linux-gnu'
host_vendor='unknown'
htmldir='${docdir}'
includedir='${prefix}/include'
infodir='${datarootdir}/info'
install_sh='${SHELL} /home/swapna/work/openocd-0.8.0/install-sh'
libdir='${exec_prefix}/lib'
libexecdir='${exec_prefix}/libexec'
localedir='${datarootdir}/locale'
localstatedir='${prefix}/var'
mandir='${datarootdir}/man'
mkdir_p='$(MKDIR_P)'
oldincludedir='/usr/include'
pdfdir='${docdir}'
prefix='/usr/local'
program_transform_name='s,x,x,'
psdir='${docdir}'
sbindir='${exec_prefix}/sbin'
sharedstatedir='${prefix}/com'
subdirs=' jimtcl'
sysconfdir='${prefix}/etc'
target_alias=''

## ----------- ##
## confdefs.h. ##
## ----------- ##

/* confdefs.h */
#define PACKAGE_NAME "openocd"
#define PACKAGE_TARNAME "openocd"
#define PACKAGE_VERSION "0.8.0"
#define PACKAGE_STRING "openocd 0.8.0"
#define PACKAGE_BUGREPORT "OpenOCD Mailing List <openocd-devel@lists.sourceforge.net>"
#define PACKAGE_URL ""
#define PACKAGE "openocd"
#define VERSION "0.8.0"
#define STDC_HEADERS 1
#define HAVE_SYS_TYPES_H 1
#define HAVE_SYS_STAT_H 1
#define HAVE_STDLIB_H 1
#define HAVE_STRING_H 1
#define HAVE_MEMORY_H 1
#define HAVE_STRINGS_H 1
#define HAVE_INTTYPES_H 1
#define HAVE_STDINT_H 1
#define HAVE_UNISTD_H 1
#define HAVE_DLFCN_H 1
#define LT_OBJDIR ".libs/"
#define HAVE_LONG_LONG_INT 1
#define HAVE_SYS_SOCKET_H 1
#define HAVE_ARPA_INET_H 1
#define HAVE_ELF_H 1
#define HAVE_DIRENT_H 1
#define HAVE_FCNTL_H 1
#define HAVE_IFADDRS_H 1
#define HAVE_MALLOC_H 1
#define HAVE_NETDB_H 1
#define HAVE_NETINET_IN_H 1
#define HAVE_NETINET_TCP_H 1
#define HAVE_PTHREAD_H 1
#define HAVE_STRINGS_H 1
#define HAVE_SYS_IOCTL_H 1
#define HAVE_SYS_PARAM_H 1
#define HAVE_SYS_POLL_H 1
#define HAVE_SYS_SELECT_H 1
#define HAVE_SYS_STAT_H 1
#define HAVE_SYS_TIME_H 1
#define HAVE_SYS_TYPES_H 1
#define HAVE_UNISTD_H 1
#define HAVE_NET_IF_H 1
#define HAVE__BOOL 1
#define HAVE_STDBOOL_H 1
#define TIME_WITH_SYS_TIME 1
#define HAVE_STRNDUP 1
#define HAVE_STRNLEN 1
#define HAVE_GETTIMEOFDAY 1
#define HAVE_USLEEP 1
#define HAVE_VASPRINTF 1
#define IS_CYGWIN 0
#define IS_WIN32 0
#define IS_DARWIN 0
#define BUILD_PARPORT 0
#define BUILD_DUMMY 0
#define BUILD_EP93XX 0
#define BUILD_ZY1000 0
#define BUILD_ZY1000_MASTER 0
#define BUILD_AT91RM9200 0
#define BUILD_BCM2835GPIO 0
#define PARPORT_USE_PPDEV 1
#define PARPORT_USE_GIVEIO 0
#define BUILD_BITBANG 0
#define BUILD_FT2232_LIBFTDI 0
#define BUILD_FT2232_FTD2XX 0
#define BUILD_USB_BLASTER_LIBFTDI 0
#define BUILD_JTAG_VPI 0
#define BUILD_USB_BLASTER_FTD2XX 0
#define BUILD_AMTJTAGACCEL 0
#define BUILD_GW16012 0
#define BUILD_PRESTO_LIBFTDI 0
#define BUILD_PRESTO_FTD2XX 0
#define BUILD_BITQ 0
#define BUILD_OPENJTAG 0
#define BUILD_OPENJTAG_FTD2XX 0
#define BUILD_OPENJTAG_LIBFTDI 0
#define BUILD_OOCD_TRACE 0
#define BUILD_BUSPIRATE 0
#define BUILD_REMOTE_BITBANG 0
#define BUILD_SYSFSGPIO 0
#define HAVE_LIBUSB1 1
#define HAVE_LIBUSB_ERROR_NAME 1
#define BUILD_FTDI 1
#define BUILD_HLADAPTER_STLINK 1
#define BUILD_HLADAPTER_ICDI 1
#define BUILD_ULINK 1
#define BUILD_USB_BLASTER_2 1
#define BUILD_JLINK 1
#define BUILD_OSBDM 1
#define BUILD_OPENDOUS 1
#define BUILD_AICE 1
#define BUILD_HLADAPTER 1
#define _GNU_SOURCE 1

configure: exit 0
